{"./src/js/Player.js":{"path":"./src/js/Player.js","s":{"1":1,"2":1,"3":5,"4":5,"5":1,"6":2,"7":1,"8":2,"9":1,"10":1,"11":1,"12":1},"b":{"1":[1,1]},"f":{"1":5,"2":5,"3":2,"4":2,"5":1},"fnMap":{"1":{"name":"Player","line":1,"loc":{"start":{"line":1,"column":-15},"end":{"line":1,"column":18}}},"2":{"name":"(anonymous_2)","line":3,"loc":{"start":{"line":3,"column":24},"end":{"line":3,"column":39}}},"3":{"name":"(anonymous_3)","line":8,"loc":{"start":{"line":8,"column":25},"end":{"line":8,"column":36}}},"4":{"name":"(anonymous_4)","line":12,"loc":{"start":{"line":12,"column":26},"end":{"line":12,"column":37}}},"5":{"name":"(anonymous_5)","line":20,"loc":{"start":{"line":20,"column":32},"end":{"line":20,"column":43}}}},"statementMap":{"1":{"start":{"line":1,"column":-15},"end":{"line":2,"column":1}},"2":{"start":{"line":3,"column":0},"end":{"line":6,"column":2}},"3":{"start":{"line":4,"column":2},"end":{"line":4,"column":35}},"4":{"start":{"line":5,"column":2},"end":{"line":5,"column":24}},"5":{"start":{"line":8,"column":0},"end":{"line":10,"column":2}},"6":{"start":{"line":9,"column":2},"end":{"line":9,"column":25}},"7":{"start":{"line":12,"column":0},"end":{"line":18,"column":2}},"8":{"start":{"line":13,"column":2},"end":{"line":15,"column":3}},"9":{"start":{"line":14,"column":4},"end":{"line":14,"column":47}},"10":{"start":{"line":17,"column":2},"end":{"line":17,"column":24}},"11":{"start":{"line":20,"column":0},"end":{"line":22,"column":2}},"12":{"start":{"line":21,"column":2},"end":{"line":21,"column":56}}},"branchMap":{"1":{"line":13,"type":"if","locations":[{"start":{"line":13,"column":2},"end":{"line":13,"column":2}},{"start":{"line":13,"column":2},"end":{"line":13,"column":2}}]}}},"./src/js/Song.js":{"path":"./src/js/Song.js","s":{"1":1,"2":1,"3":0},"b":{},"f":{"1":5,"2":0},"fnMap":{"1":{"name":"Song","line":1,"loc":{"start":{"line":1,"column":-15},"end":{"line":1,"column":16}}},"2":{"name":"(anonymous_2)","line":4,"loc":{"start":{"line":4,"column":39},"end":{"line":4,"column":55}}}},"statementMap":{"1":{"start":{"line":1,"column":-15},"end":{"line":2,"column":1}},"2":{"start":{"line":4,"column":0},"end":{"line":7,"column":2}},"3":{"start":{"line":6,"column":2},"end":{"line":6,"column":41}}},"branchMap":{}},"./src/js/code.js":{"path":"./src/js/code.js","s":{"1":1,"2":2,"3":2,"4":1,"5":1,"6":1,"7":0},"b":{"1":[1,1],"2":[1,0]},"f":{"1":2},"fnMap":{"1":{"name":"durationInEnglish","line":1,"loc":{"start":{"line":1,"column":-15},"end":{"line":1,"column":40}}}},"statementMap":{"1":{"start":{"line":1,"column":-15},"end":{"line":10,"column":1}},"2":{"start":{"line":2,"column":1},"end":{"line":2,"column":35}},"3":{"start":{"line":3,"column":1},"end":{"line":9,"column":2}},"4":{"start":{"line":4,"column":2},"end":{"line":4,"column":15}},"5":{"start":{"line":5,"column":8},"end":{"line":9,"column":2}},"6":{"start":{"line":6,"column":2},"end":{"line":6,"column":34}},"7":{"start":{"line":8,"column":2},"end":{"line":8,"column":20}}},"branchMap":{"1":{"line":3,"type":"if","locations":[{"start":{"line":3,"column":1},"end":{"line":3,"column":1}},{"start":{"line":3,"column":1},"end":{"line":3,"column":1}}]},"2":{"line":5,"type":"if","locations":[{"start":{"line":5,"column":8},"end":{"line":5,"column":8}},{"start":{"line":5,"column":8},"end":{"line":5,"column":8}}]}}},"./src/test/PlayerSpec.test.js":{"path":"./src/test/PlayerSpec.test.js","s":{"1":1,"2":1,"3":1,"4":1,"5":5,"6":5,"7":1,"8":1,"9":1,"10":1,"11":1,"12":1,"13":2,"14":2,"15":1,"16":1,"17":1,"18":1,"19":1,"20":1,"21":1,"22":1,"23":1,"24":1,"25":1,"26":1,"27":1,"28":1,"29":1,"30":1,"31":1},"b":{},"f":{"1":1,"2":5,"3":1,"4":1,"5":2,"6":1,"7":1,"8":1,"9":1,"10":1,"11":1},"fnMap":{"1":{"name":"(anonymous_1)","line":3,"loc":{"start":{"line":3,"column":19},"end":{"line":3,"column":30}}},"2":{"name":"(anonymous_2)","line":7,"loc":{"start":{"line":7,"column":13},"end":{"line":7,"column":24}}},"3":{"name":"(anonymous_3)","line":12,"loc":{"start":{"line":12,"column":38},"end":{"line":12,"column":49}}},"4":{"name":"(anonymous_4)","line":20,"loc":{"start":{"line":20,"column":40},"end":{"line":20,"column":51}}},"5":{"name":"(anonymous_5)","line":21,"loc":{"start":{"line":21,"column":15},"end":{"line":21,"column":26}}},"6":{"name":"(anonymous_6)","line":26,"loc":{"start":{"line":26,"column":60},"end":{"line":26,"column":71}}},"7":{"name":"(anonymous_7)","line":33,"loc":{"start":{"line":33,"column":39},"end":{"line":33,"column":50}}},"8":{"name":"(anonymous_8)","line":41,"loc":{"start":{"line":41,"column":66},"end":{"line":41,"column":77}}},"9":{"name":"(anonymous_9)","line":51,"loc":{"start":{"line":51,"column":22},"end":{"line":51,"column":33}}},"10":{"name":"(anonymous_10)","line":52,"loc":{"start":{"line":52,"column":63},"end":{"line":52,"column":74}}},"11":{"name":"(anonymous_11)","line":55,"loc":{"start":{"line":55,"column":13},"end":{"line":55,"column":24}}}},"statementMap":{"1":{"start":{"line":3,"column":0},"end":{"line":60,"column":3}},"2":{"start":{"line":4,"column":2},"end":{"line":4,"column":13}},"3":{"start":{"line":5,"column":2},"end":{"line":5,"column":11}},"4":{"start":{"line":7,"column":2},"end":{"line":10,"column":5}},"5":{"start":{"line":8,"column":4},"end":{"line":8,"column":26}},"6":{"start":{"line":9,"column":4},"end":{"line":9,"column":22}},"7":{"start":{"line":12,"column":2},"end":{"line":18,"column":5}},"8":{"start":{"line":13,"column":4},"end":{"line":13,"column":22}},"9":{"start":{"line":14,"column":4},"end":{"line":14,"column":54}},"10":{"start":{"line":17,"column":4},"end":{"line":17,"column":37}},"11":{"start":{"line":20,"column":2},"end":{"line":38,"column":5}},"12":{"start":{"line":21,"column":4},"end":{"line":24,"column":7}},"13":{"start":{"line":22,"column":6},"end":{"line":22,"column":24}},"14":{"start":{"line":23,"column":6},"end":{"line":23,"column":21}},"15":{"start":{"line":26,"column":4},"end":{"line":31,"column":7}},"16":{"start":{"line":27,"column":6},"end":{"line":27,"column":43}},"17":{"start":{"line":30,"column":6},"end":{"line":30,"column":43}},"18":{"start":{"line":33,"column":4},"end":{"line":37,"column":7}},"19":{"start":{"line":34,"column":6},"end":{"line":34,"column":22}},"20":{"start":{"line":35,"column":6},"end":{"line":35,"column":44}},"21":{"start":{"line":36,"column":6},"end":{"line":36,"column":56}},"22":{"start":{"line":41,"column":2},"end":{"line":48,"column":5}},"23":{"start":{"line":42,"column":4},"end":{"line":42,"column":41}},"24":{"start":{"line":44,"column":4},"end":{"line":44,"column":22}},"25":{"start":{"line":45,"column":4},"end":{"line":45,"column":26}},"26":{"start":{"line":47,"column":4},"end":{"line":47,"column":66}},"27":{"start":{"line":51,"column":2},"end":{"line":59,"column":5}},"28":{"start":{"line":52,"column":4},"end":{"line":58,"column":7}},"29":{"start":{"line":53,"column":6},"end":{"line":53,"column":24}},"30":{"start":{"line":55,"column":6},"end":{"line":57,"column":44}},"31":{"start":{"line":56,"column":8},"end":{"line":56,"column":24}}},"branchMap":{}},"./src/test/SpecHelper.test.js":{"path":"./src/test/SpecHelper.test.js","s":{"1":1,"2":7,"3":2,"4":2},"b":{"1":[2,2]},"f":{"1":7,"2":2},"fnMap":{"1":{"name":"(anonymous_1)","line":1,"loc":{"start":{"line":1,"column":11},"end":{"line":1,"column":22}}},"2":{"name":"(anonymous_2)","line":3,"loc":{"start":{"line":3,"column":17},"end":{"line":3,"column":40}}}},"statementMap":{"1":{"start":{"line":1,"column":0},"end":{"line":9,"column":3}},"2":{"start":{"line":2,"column":2},"end":{"line":8,"column":5}},"3":{"start":{"line":4,"column":6},"end":{"line":4,"column":31}},"4":{"start":{"line":5,"column":6},"end":{"line":6,"column":30}}},"branchMap":{"1":{"line":5,"type":"binary-expr","locations":[{"start":{"line":5,"column":13},"end":{"line":5,"column":57}},{"start":{"line":6,"column":13},"end":{"line":6,"column":29}}]}}},"./src/test/code.test.js":{"path":"./src/test/code.test.js","s":{"1":1,"2":1,"3":1,"4":1,"5":1,"6":1,"7":1},"b":{},"f":{"1":1,"2":1,"3":1},"fnMap":{"1":{"name":"(anonymous_1)","line":1,"loc":{"start":{"line":1,"column":30},"end":{"line":1,"column":41}}},"2":{"name":"(anonymous_2)","line":2,"loc":{"start":{"line":2,"column":47},"end":{"line":2,"column":57}}},"3":{"name":"(anonymous_3)","line":6,"loc":{"start":{"line":6,"column":47},"end":{"line":6,"column":57}}}},"statementMap":{"1":{"start":{"line":1,"column":0},"end":{"line":11,"column":3}},"2":{"start":{"line":2,"column":1},"end":{"line":4,"column":4}},"3":{"start":{"line":3,"column":2},"end":{"line":3,"column":43}},"4":{"start":{"line":6,"column":1},"end":{"line":10,"column":4}},"5":{"start":{"line":7,"column":2},"end":{"line":7,"column":45}},"6":{"start":{"line":8,"column":2},"end":{"line":8,"column":45}},"7":{"start":{"line":9,"column":2},"end":{"line":9,"column":63}}},"branchMap":{}}}