TN:
SF:./src/js/Player.js
FN:1,Player
FN:3,(anonymous_2)
FN:7,(anonymous_3)
FN:11,(anonymous_4)
FN:19,(anonymous_5)
FNF:5
FNH:4
FNDA:3,Player
FNDA:3,(anonymous_2)
FNDA:0,(anonymous_3)
FNDA:1,(anonymous_4)
FNDA:1,(anonymous_5)
DA:1,1
DA:3,1
DA:4,3
DA:5,3
DA:7,1
DA:8,0
DA:11,1
DA:12,1
DA:13,1
DA:16,0
DA:19,1
DA:20,1
LF:12
LH:10
BRDA:12,1,0,1
BRDA:12,1,1,0
BRF:2
BRH:1
end_of_record
TN:
SF:./src/js/Song.js
FN:1,Song
FN:4,(anonymous_2)
FNF:2
FNH:1
FNDA:3,Song
FNDA:0,(anonymous_2)
DA:1,1
DA:4,1
DA:6,0
LF:3
LH:2
BRF:0
BRH:0
end_of_record
TN:
SF:./src/js/code.js
FN:1,durationInEnglish
FNF:1
FNH:1
FNDA:2,durationInEnglish
DA:1,1
DA:2,2
DA:3,2
DA:4,1
DA:5,1
DA:6,1
DA:8,0
LF:7
LH:6
BRDA:3,1,0,1
BRDA:3,1,1,1
BRDA:5,2,0,1
BRDA:5,2,1,0
BRF:4
BRH:3
end_of_record
TN:
SF:./src/test/PlayerSpec.test.js
FN:3,(anonymous_1)
FN:7,(anonymous_2)
FN:12,(anonymous_3)
FN:23,(anonymous_4)
FN:33,(anonymous_5)
FN:34,(anonymous_6)
FN:37,(anonymous_7)
FNF:7
FNH:7
FNDA:1,(anonymous_1)
FNDA:3,(anonymous_2)
FNDA:1,(anonymous_3)
FNDA:1,(anonymous_4)
FNDA:1,(anonymous_5)
FNDA:1,(anonymous_6)
FNDA:1,(anonymous_7)
DA:3,1
DA:4,1
DA:5,1
DA:7,1
DA:8,3
DA:9,3
DA:12,1
DA:13,1
DA:14,1
DA:17,1
DA:23,1
DA:24,1
DA:26,1
DA:27,1
DA:29,1
DA:33,1
DA:34,1
DA:35,1
DA:37,1
DA:38,1
LF:20
LH:20
BRF:0
BRH:0
end_of_record
TN:
SF:./src/test/SpecHelper.test.js
FN:1,(anonymous_1)
FN:3,(anonymous_2)
FNF:2
FNH:2
FNDA:5,(anonymous_1)
FNDA:1,(anonymous_2)
DA:1,1
DA:2,5
DA:4,1
DA:5,1
LF:4
LH:4
BRDA:5,1,0,1
BRDA:5,1,1,1
BRF:2
BRH:2
end_of_record
TN:
SF:./src/test/code.test.js
FN:1,(anonymous_1)
FN:2,(anonymous_2)
FN:6,(anonymous_3)
FNF:3
FNH:3
FNDA:1,(anonymous_1)
FNDA:1,(anonymous_2)
FNDA:1,(anonymous_3)
DA:1,1
DA:2,1
DA:3,1
DA:6,1
DA:7,1
DA:8,1
DA:9,1
LF:7
LH:7
BRF:0
BRH:0
end_of_record
