TN:
SF:./src/js/Player.js
FN:1,Player
FN:3,(anonymous_2)
FN:7,(anonymous_3)
FN:11,(anonymous_4)
FN:19,(anonymous_5)
FNF:5
FNH:5
FNDA:5,Player
FNDA:5,(anonymous_2)
FNDA:2,(anonymous_3)
FNDA:2,(anonymous_4)
FNDA:1,(anonymous_5)
DA:1,1
DA:3,1
DA:4,5
DA:5,5
DA:7,1
DA:8,2
DA:11,1
DA:12,2
DA:13,1
DA:16,1
DA:19,1
DA:20,1
LF:12
LH:12
BRDA:12,1,0,1
BRDA:12,1,1,1
BRF:2
BRH:2
end_of_record
TN:
SF:./src/js/Song.js
FN:1,Song
FN:4,(anonymous_2)
FNF:2
FNH:1
FNDA:5,Song
FNDA:0,(anonymous_2)
DA:1,1
DA:4,1
DA:6,0
LF:3
LH:2
BRF:0
BRH:0
end_of_record
TN:
SF:./src/js/code.js
FN:1,durationInEnglish
FNF:1
FNH:1
FNDA:2,durationInEnglish
DA:1,1
DA:2,2
DA:3,2
DA:4,1
DA:5,1
DA:6,1
DA:8,0
LF:7
LH:6
BRDA:3,1,0,1
BRDA:3,1,1,1
BRDA:5,2,0,1
BRDA:5,2,1,0
BRF:4
BRH:3
end_of_record
TN:
SF:./src/test/PlayerSpec.test.js
FN:3,(anonymous_1)
FN:7,(anonymous_2)
FN:12,(anonymous_3)
FN:20,(anonymous_4)
FN:21,(anonymous_5)
FN:26,(anonymous_6)
FN:33,(anonymous_7)
FN:41,(anonymous_8)
FN:51,(anonymous_9)
FN:52,(anonymous_10)
FN:55,(anonymous_11)
FNF:11
FNH:11
FNDA:1,(anonymous_1)
FNDA:5,(anonymous_2)
FNDA:1,(anonymous_3)
FNDA:1,(anonymous_4)
FNDA:2,(anonymous_5)
FNDA:1,(anonymous_6)
FNDA:1,(anonymous_7)
FNDA:1,(anonymous_8)
FNDA:1,(anonymous_9)
FNDA:1,(anonymous_10)
FNDA:1,(anonymous_11)
DA:3,1
DA:4,1
DA:5,1
DA:7,1
DA:8,5
DA:9,5
DA:12,1
DA:13,1
DA:14,1
DA:17,1
DA:20,1
DA:21,1
DA:22,2
DA:23,2
DA:26,1
DA:27,1
DA:30,1
DA:33,1
DA:34,1
DA:35,1
DA:36,1
DA:41,1
DA:42,1
DA:44,1
DA:45,1
DA:47,1
DA:51,1
DA:52,1
DA:53,1
DA:55,1
DA:56,1
LF:31
LH:31
BRF:0
BRH:0
end_of_record
TN:
SF:./src/test/SpecHelper.test.js
FN:1,(anonymous_1)
FN:3,(anonymous_2)
FNF:2
FNH:2
FNDA:7,(anonymous_1)
FNDA:2,(anonymous_2)
DA:1,1
DA:2,7
DA:4,2
DA:5,2
LF:4
LH:4
BRDA:5,1,0,2
BRDA:5,1,1,2
BRF:2
BRH:2
end_of_record
TN:
SF:./src/test/code.test.js
FN:1,(anonymous_1)
FN:2,(anonymous_2)
FN:6,(anonymous_3)
FNF:3
FNH:3
FNDA:1,(anonymous_1)
FNDA:1,(anonymous_2)
FNDA:1,(anonymous_3)
DA:1,1
DA:2,1
DA:3,1
DA:6,1
DA:7,1
DA:8,1
DA:9,1
LF:7
LH:7
BRF:0
BRH:0
end_of_record
