{"./src/js/Player.js":{"path":"./src/js/Player.js","s":{"1":1,"2":1,"3":5,"4":5,"5":1,"6":2,"7":1,"8":2,"9":1,"10":1,"11":1,"12":1},"b":{"1":[1,1]},"f":{"1":5,"2":5,"3":2,"4":2,"5":1},"fnMap":{"1":{"name":"Player","line":1,"loc":{"start":{"line":1,"column":-15},"end":{"line":1,"column":18}}},"2":{"name":"(anonymous_2)","line":3,"loc":{"start":{"line":3,"column":24},"end":{"line":3,"column":39}}},"3":{"name":"(anonymous_3)","line":7,"loc":{"start":{"line":7,"column":25},"end":{"line":7,"column":36}}},"4":{"name":"(anonymous_4)","line":11,"loc":{"start":{"line":11,"column":26},"end":{"line":11,"column":37}}},"5":{"name":"(anonymous_5)","line":19,"loc":{"start":{"line":19,"column":32},"end":{"line":19,"column":43}}}},"statementMap":{"1":{"start":{"line":1,"column":-15},"end":{"line":2,"column":1}},"2":{"start":{"line":3,"column":0},"end":{"line":6,"column":2}},"3":{"start":{"line":4,"column":2},"end":{"line":4,"column":35}},"4":{"start":{"line":5,"column":2},"end":{"line":5,"column":24}},"5":{"start":{"line":7,"column":0},"end":{"line":9,"column":2}},"6":{"start":{"line":8,"column":2},"end":{"line":8,"column":25}},"7":{"start":{"line":11,"column":0},"end":{"line":17,"column":2}},"8":{"start":{"line":12,"column":2},"end":{"line":14,"column":3}},"9":{"start":{"line":13,"column":4},"end":{"line":13,"column":47}},"10":{"start":{"line":16,"column":2},"end":{"line":16,"column":24}},"11":{"start":{"line":19,"column":0},"end":{"line":21,"column":2}},"12":{"start":{"line":20,"column":2},"end":{"line":20,"column":56}}},"branchMap":{"1":{"line":12,"type":"if","locations":[{"start":{"line":12,"column":2},"end":{"line":12,"column":2}},{"start":{"line":12,"column":2},"end":{"line":12,"column":2}}]}}},"./src/js/Song.js":{"path":"./src/js/Song.js","s":{"1":1,"2":1,"3":0},"b":{},"f":{"1":5,"2":0},"fnMap":{"1":{"name":"Song","line":1,"loc":{"start":{"line":1,"column":-15},"end":{"line":1,"column":16}}},"2":{"name":"(anonymous_2)","line":4,"loc":{"start":{"line":4,"column":39},"end":{"line":4,"column":55}}}},"statementMap":{"1":{"start":{"line":1,"column":-15},"end":{"line":2,"column":1}},"2":{"start":{"line":4,"column":0},"end":{"line":7,"column":2}},"3":{"start":{"line":6,"column":2},"end":{"line":6,"column":41}}},"branchMap":{}},"./src/js/code.js":{"path":"./src/js/code.js","s":{"1":1,"2":2,"3":2,"4":1,"5":1,"6":1,"7":0},"b":{"1":[1,1],"2":[1,0]},"f":{"1":2},"fnMap":{"1":{"name":"durationInEnglish","line":1,"loc":{"start":{"line":1,"column":-15},"end":{"line":1,"column":40}}}},"statementMap":{"1":{"start":{"line":1,"column":-15},"end":{"line":10,"column":1}},"2":{"start":{"line":2,"column":1},"end":{"line":2,"column":35}},"3":{"start":{"line":3,"column":1},"end":{"line":9,"column":2}},"4":{"start":{"line":4,"column":2},"end":{"line":4,"column":15}},"5":{"start":{"line":5,"column":8},"end":{"line":9,"column":2}},"6":{"start":{"line":6,"column":2},"end":{"line":6,"column":34}},"7":{"start":{"line":8,"column":2},"end":{"line":8,"column":20}}},"branchMap":{"1":{"line":3,"type":"if","locations":[{"start":{"line":3,"column":1},"end":{"line":3,"column":1}},{"start":{"line":3,"column":1},"end":{"line":3,"column":1}}]},"2":{"line":5,"type":"if","locations":[{"start":{"line":5,"column":8},"end":{"line":5,"column":8}},{"start":{"line":5,"column":8},"end":{"line":5,"column":8}}]}}}}